Build started 29/04/2014 07:37:52.
     1>Project "C:\Users\Bobo\Documents\Visual Studio 2010\Projects\bcScript\bcc\bcc.vcxproj" on node 2 (build target(s)).
     1>InitializeBuildStatus:
         Creating "Release\bcc.unsuccessfulbuild" because "AlwaysCreate" was specified.
       ClCompile:
         All outputs are up-to-date.
       Link:
         C:\Program Files (x86)\Microsoft Visual Studio 10.0\VC\bin\link.exe /ERRORREPORT:PROMPT /OUT:"C:\Users\Bobo\Documents\Visual Studio 2010\Projects\bcScript\Release\bcc.exe" /NOLOGO /LIBPATH:"C:\Users\Bobo\Documents\Visual Studio 2010\Projects\bcScript\/Release" bcscript.lib kernel32.lib user32.lib gdi32.lib winspool.lib comdlg32.lib advapi32.lib shell32.lib ole32.lib oleaut32.lib uuid.lib odbc32.lib odbccp32.lib /MANIFEST /ManifestFile:"Release\bcc.exe.intermediate.manifest" /MANIFESTUAC:"level='asInvoker' uiAccess='false'" /DEBUG /PDB:"C:\Users\Bobo\Documents\Visual Studio 2010\Projects\bcScript\Release\bcc.pdb" /OPT:REF /OPT:ICF /LTCG /TLBID:1 /DYNAMICBASE /NXCOMPAT /IMPLIB:"C:\Users\Bobo\Documents\Visual Studio 2010\Projects\bcScript\Release\bcc.lib" /MACHINE:X86 Release\main.obj
         Release\test.obj
         Generating code
         Finished generating code
         bcc.vcxproj -> C:\Users\Bobo\Documents\Visual Studio 2010\Projects\bcScript\Release\bcc.exe
       Manifest:
         C:\Program Files (x86)\Microsoft SDKs\Windows\v7.0A\bin\mt.exe /nologo /verbose /outputresource:"C:\Users\Bobo\Documents\Visual Studio 2010\Projects\bcScript\Release\bcc.exe;#1" /manifest Release\bcc.exe.intermediate.manifest
       FinalizeBuildStatus:
         Deleting file "Release\bcc.unsuccessfulbuild".
         Touching "Release\bcc.lastbuildstate".
     1>Done Building Project "C:\Users\Bobo\Documents\Visual Studio 2010\Projects\bcScript\bcc\bcc.vcxproj" (build target(s)).

Build succeeded.

Time Elapsed 00:00:06.95
