Build started 02/10/2015 17:09:28.
     1>Project "C:\Users\haddockc\Documents\GitHub\bcScript\src\bcc\bcc.vcxproj" on node 2 (Rebuild target(s)).
     1>ClCompile:
         C:\Program Files (x86)\Microsoft Visual Studio 14.0\VC\bin\CL.exe /c /IC:\Users\haddockc\Documents\GitHub\bcScript\src\/bcscript /ZI /nologo /W3 /WX- /Od /Oy- /D CODE_ANALYSIS /D _MBCS /Gm /EHsc /RTC1 /MDd /GS /fp:precise /Zc:wchar_t /Zc:forScope /Zc:inline /Fo"Debug\\" /Fd"Debug\vc140.pdb" /Gd /TP /analyze /analyze:plugin"C:\Program Files (x86)\Microsoft Visual Studio 14.0\VC\\bin\localespc.dll" /errorReport:prompt   /analyze:quiet bcc.cpp export.cpp import.cpp main.cpp test.cpp
         test.cpp
     1>c:\users\haddockc\documents\github\bcscript\src\bcc\test.cpp(305): warning C4018: '<': signed/unsigned mismatch
     1>c:\users\haddockc\documents\github\bcscript\src\bcc\test.cpp(449): warning C4018: '<': signed/unsigned mismatch
         main.cpp
         import.cpp
         export.cpp
     1>c:\users\haddockc\documents\github\bcscript\src\bcc\export.cpp(32): warning C4018: '<': signed/unsigned mismatch
         bcc.cpp
         Running Code Analysis for C/C++...
         Generating Code...
       Link:
         C:\Program Files (x86)\Microsoft Visual Studio 14.0\VC\bin\link.exe /ERRORREPORT:PROMPT /OUT:"C:\Users\haddockc\Documents\GitHub\bcScript\src\Debug\bcc.exe" /INCREMENTAL /NOLOGO /LIBPATH:C:\Users\haddockc\Documents\GitHub\bcScript\src\/Debug bcscript.lib kernel32.lib user32.lib gdi32.lib winspool.lib comdlg32.lib advapi32.lib shell32.lib ole32.lib oleaut32.lib uuid.lib odbc32.lib odbccp32.lib /MANIFEST /MANIFESTUAC:"level='asInvoker' uiAccess='false'" /manifest:embed /Debug /PDB:"C:\Users\haddockc\Documents\GitHub\bcScript\src\Debug\bcc.pdb" /TLBID:1 /DYNAMICBASE /NXCOMPAT /IMPLIB:"C:\Users\haddockc\Documents\GitHub\bcScript\src\Debug\bcc.lib" /MACHINE:X86 Debug\bcc.obj
         Debug\export.obj
         Debug\import.obj
         Debug\main.obj
         Debug\test.obj
         bcc.vcxproj -> C:\Users\haddockc\Documents\GitHub\bcScript\src\Debug\bcc.exe
     1>Done Building Project "C:\Users\haddockc\Documents\GitHub\bcScript\src\bcc\bcc.vcxproj" (Rebuild target(s)).

Build succeeded.

Time Elapsed 00:00:23.40
